
loop 255 -> ff -> 11111111
loop 254 -> fe -> 11111110
loop 253 -> fd -> 11111101
loop 252 -> fc -> 11111100
loop 251 -> fb -> 11111011
loop 250 -> fa -> 11111010
loop 249 -> f9 -> 11111001
loop 248 -> f8 -> 11111000
loop 247 -> f7 -> 11110111
loop 246 -> f6 -> 11110110
loop 245 -> f5 -> 11110101
loop 244 -> f4 -> 11110100
loop 243 -> f3 -> 11110011
loop 242 -> f2 -> 11110010
loop 241 -> f1 -> 11110001
loop 240 -> f0 -> 11110000
loop 239 -> ef -> 11101111
loop 238 -> ee -> 11101110
loop 237 -> ed -> 11101101
loop 236 -> ec -> 11101100
loop 235 -> eb -> 11101011
loop 234 -> ea -> 11101010
loop 233 -> e9 -> 11101001
loop 232 -> e8 -> 11101000
loop 231 -> e7 -> 11100111
loop 230 -> e6 -> 11100110
loop 229 -> e5 -> 11100101
loop 228 -> e4 -> 11100100
loop 227 -> e3 -> 11100011
loop 226 -> e2 -> 11100010
loop 225 -> e1 -> 11100001
loop 224 -> e0 -> 11100000
loop 223 -> df -> 11011111
loop 222 -> de -> 11011110
loop 221 -> dd -> 11011101
loop 220 -> dc -> 11011100
loop 219 -> db -> 11011011
loop 218 -> da -> 11011010
loop 217 -> d9 -> 11011001
loop 216 -> d8 -> 11011000
loop 215 -> d7 -> 11010111
loop 214 -> d6 -> 11010110
loop 213 -> d5 -> 11010101
loop 212 -> d4 -> 11010100
loop 211 -> d3 -> 11010011
loop 210 -> d2 -> 11010010
loop 209 -> d1 -> 11010001
loop 208 -> d0 -> 11010000
loop 207 -> cf -> 11001111
loop 206 -> ce -> 11001110
loop 205 -> cd -> 11001101
loop 204 -> cc -> 11001100
loop 203 -> cb -> 11001011
loop 202 -> ca -> 11001010
loop 201 -> c9 -> 11001001
loop 200 -> c8 -> 11001000
loop 199 -> c7 -> 11000111
loop 198 -> c6 -> 11000110
loop 197 -> c5 -> 11000101
loop 196 -> c4 -> 11000100
loop 195 -> c3 -> 11000011
loop 194 -> c2 -> 11000010
loop 193 -> c1 -> 11000001
loop 192 -> c0 -> 11000000
loop 191 -> bf -> 10111111
loop 190 -> be -> 10111110
loop 189 -> bd -> 10111101
loop 188 -> bc -> 10111100
loop 187 -> bb -> 10111011
loop 186 -> ba -> 10111010
loop 185 -> b9 -> 10111001
loop 184 -> b8 -> 10111000
loop 183 -> b7 -> 10110111
loop 182 -> b6 -> 10110110
loop 181 -> b5 -> 10110101
loop 180 -> b4 -> 10110100
loop 179 -> b3 -> 10110011
loop 178 -> b2 -> 10110010
loop 177 -> b1 -> 10110001
loop 176 -> b0 -> 10110000
loop 175 -> af -> 10101111
loop 174 -> ae -> 10101110
loop 173 -> ad -> 10101101
loop 172 -> ac -> 10101100
loop 171 -> ab -> 10101011
loop 170 -> aa -> 10101010
loop 169 -> a9 -> 10101001
loop 168 -> a8 -> 10101000
loop 167 -> a7 -> 10100111
loop 166 -> a6 -> 10100110
loop 165 -> a5 -> 10100101
loop 164 -> a4 -> 10100100
loop 163 -> a3 -> 10100011
loop 162 -> a2 -> 10100010
loop 161 -> a1 -> 10100001
loop 160 -> a0 -> 10100000
loop 159 -> 9f -> 10011111
loop 158 -> 9e -> 10011110
loop 157 -> 9d -> 10011101
loop 156 -> 9c -> 10011100
loop 155 -> 9b -> 10011011
loop 154 -> 9a -> 10011010
loop 153 -> 99 -> 10011001
loop 152 -> 98 -> 10011000
loop 151 -> 97 -> 10010111
loop 150 -> 96 -> 10010110
loop 149 -> 95 -> 10010101
loop 148 -> 94 -> 10010100
loop 147 -> 93 -> 10010011
loop 146 -> 92 -> 10010010
loop 145 -> 91 -> 10010001
loop 144 -> 90 -> 10010000
loop 143 -> 8f -> 10001111
loop 142 -> 8e -> 10001110
loop 141 -> 8d -> 10001101
loop 140 -> 8c -> 10001100
loop 139 -> 8b -> 10001011
loop 138 -> 8a -> 10001010
loop 137 -> 89 -> 10001001
loop 136 -> 88 -> 10001000
loop 135 -> 87 -> 10000111
loop 134 -> 86 -> 10000110
loop 133 -> 85 -> 10000101
loop 132 -> 84 -> 10000100
loop 131 -> 83 -> 10000011
loop 130 -> 82 -> 10000010
loop 129 -> 81 -> 10000001
loop 128 -> 80 -> 10000000
loop 127 -> 7f -> 01111111
loop 126 -> 7e -> 01111110
loop 125 -> 7d -> 01111101
loop 124 -> 7c -> 01111100
loop 123 -> 7b -> 01111011
loop 122 -> 7a -> 01111010
loop 121 -> 79 -> 01111001
loop 120 -> 78 -> 01111000
loop 119 -> 77 -> 01110111
loop 118 -> 76 -> 01110110
loop 117 -> 75 -> 01110101
loop 116 -> 74 -> 01110100
loop 115 -> 73 -> 01110011
loop 114 -> 72 -> 01110010
loop 113 -> 71 -> 01110001
loop 112 -> 70 -> 01110000
loop 111 -> 6f -> 01101111
loop 110 -> 6e -> 01101110
loop 109 -> 6d -> 01101101
loop 108 -> 6c -> 01101100
loop 107 -> 6b -> 01101011
loop 106 -> 6a -> 01101010
loop 105 -> 69 -> 01101001
loop 104 -> 68 -> 01101000
loop 103 -> 67 -> 01100111
loop 102 -> 66 -> 01100110
loop 101 -> 65 -> 01100101
loop 100 -> 64 -> 01100100
loop  99 -> 63 -> 01100011
loop  98 -> 62 -> 01100010
loop  97 -> 61 -> 01100001
loop  96 -> 60 -> 01100000
loop  95 -> 5f -> 01011111
loop  94 -> 5e -> 01011110
loop  93 -> 5d -> 01011101
loop  92 -> 5c -> 01011100
loop  91 -> 5b -> 01011011
loop  90 -> 5a -> 01011010
loop  89 -> 59 -> 01011001
loop  88 -> 58 -> 01011000
loop  87 -> 57 -> 01010111
loop  86 -> 56 -> 01010110
loop  85 -> 55 -> 01010101
loop  84 -> 54 -> 01010100
loop  83 -> 53 -> 01010011
loop  82 -> 52 -> 01010010
loop  81 -> 51 -> 01010001
loop  80 -> 50 -> 01010000
loop  79 -> 4f -> 01001111
loop  78 -> 4e -> 01001110
loop  77 -> 4d -> 01001101
loop  76 -> 4c -> 01001100
loop  75 -> 4b -> 01001011
loop  74 -> 4a -> 01001010
loop  73 -> 49 -> 01001001
loop  72 -> 48 -> 01001000
loop  71 -> 47 -> 01000111
loop  70 -> 46 -> 01000110
loop  69 -> 45 -> 01000101
loop  68 -> 44 -> 01000100
loop  67 -> 43 -> 01000011
loop  66 -> 42 -> 01000010
loop  65 -> 41 -> 01000001
loop  64 -> 40 -> 01000000
loop  63 -> 3f -> 00111111
loop  62 -> 3e -> 00111110
loop  61 -> 3d -> 00111101
loop  60 -> 3c -> 00111100
loop  59 -> 3b -> 00111011
loop  58 -> 3a -> 00111010
loop  57 -> 39 -> 00111001
loop  56 -> 38 -> 00111000
loop  55 -> 37 -> 00110111
loop  54 -> 36 -> 00110110
loop  53 -> 35 -> 00110101
loop  52 -> 34 -> 00110100
loop  51 -> 33 -> 00110011
loop  50 -> 32 -> 00110010
loop  49 -> 31 -> 00110001
loop  48 -> 30 -> 00110000
loop  47 -> 2f -> 00101111
loop  46 -> 2e -> 00101110
loop  45 -> 2d -> 00101101
loop  44 -> 2c -> 00101100
loop  43 -> 2b -> 00101011
loop  42 -> 2a -> 00101010
loop  41 -> 29 -> 00101001
loop  40 -> 28 -> 00101000
loop  39 -> 27 -> 00100111
loop  38 -> 26 -> 00100110
loop  37 -> 25 -> 00100101
loop  36 -> 24 -> 00100100
loop  35 -> 23 -> 00100011
loop  34 -> 22 -> 00100010
loop  33 -> 21 -> 00100001
loop  32 -> 20 -> 00100000
loop  31 -> 1f -> 00011111
loop  30 -> 1e -> 00011110
loop  29 -> 1d -> 00011101
loop  28 -> 1c -> 00011100
loop  27 -> 1b -> 00011011
loop  26 -> 1a -> 00011010
loop  25 -> 19 -> 00011001
loop  24 -> 18 -> 00011000
loop  23 -> 17 -> 00010111
loop  22 -> 16 -> 00010110
loop  21 -> 15 -> 00010101
loop  20 -> 14 -> 00010100
loop  19 -> 13 -> 00010011
loop  18 -> 12 -> 00010010
loop  17 -> 11 -> 00010001
loop  16 -> 10 -> 00010000
loop  15 -> 0f -> 00001111
loop  14 -> 0e -> 00001110
loop  13 -> 0d -> 00001101
loop  12 -> 0c -> 00001100
loop  11 -> 0b -> 00001011
loop  10 -> 0a -> 00001010
loop   9 -> 09 -> 00001001
loop   8 -> 08 -> 00001000
loop   7 -> 07 -> 00000111
loop   6 -> 06 -> 00000110
loop   5 -> 05 -> 00000101
loop   4 -> 04 -> 00000100
loop   3 -> 03 -> 00000011
loop   2 -> 02 -> 00000010
loop   1 -> 01 -> 00000001
loop   0 -> 00 -> 00000000
str coucou(coucou) int   5 (5) le d ne passe pas (pas)?
<EOL> mais si! hex 017 (23 -> 0x17) a ('a')
with error : ERROR: Integer expected
with error : ERROR: char expected
ERROR, bad call: #<condition: (exn runtime)>
Fin du test!
